ScienceWorkshopSurvey/app/build/intermediates/manifest_merge_blame_file/release/manifest-merger-blame-release-report.txt
1<?xml version="1.0" encoding="utf-8"?>
2<manifest xmlns:android="http://schemas.android.com/apk/res/android"
3    package="edu.csumb.bamagana.scienceworkshopsurvey"
4    android:versionCode="1"
5    android:versionName="1.0" >
6
7    <uses-sdk
8        android:minSdkVersion="21"
8-->src\main\AndroidManifest.xml
9        android:targetSdkVersion="29" />
9-->src\main\AndroidManifest.xml
10
11    <uses-permission android:name="android.permission.CAMERA" />
11-->src\main\AndroidManifest.xml:5:5-64
11-->src\main\AndroidManifest.xml:5:22-62
12
13    <application
13-->src\main\AndroidManifest.xml:7:5-26:19
14        android:allowBackup="true"
14-->src\main\AndroidManifest.xml:8:9-35
15        android:appComponentFactory="androidx.core.app.CoreComponentFactory"
15-->[androidx.core:core:1.3.1] AndroidManifest.xml:24:18-86
16        android:icon="@mipmap/ic_launcher"
16-->src\main\AndroidManifest.xml:9:9-43
17        android:label="@string/app_name"
17-->src\main\AndroidManifest.xml:10:9-41
18        android:roundIcon="@mipmap/ic_launcher_round"
18-->src\main\AndroidManifest.xml:11:9-54
19        android:supportsRtl="true"
19-->src\main\AndroidManifest.xml:12:9-35
20        android:theme="@style/Theme.ScienceWorkshopSurvey" >
20-->src\main\AndroidManifest.xml:13:9-59
21        <activity android:name="edu.csumb.bamagana.scienceworkshopsurvey.Camera_Interaction" />
21-->src\main\AndroidManifest.xml:14:9-65
21-->src\main\AndroidManifest.xml:14:19-53
22        <activity android:name="edu.csumb.bamagana.scienceworkshopsurvey.Enjoyment_level" />
22-->src\main\AndroidManifest.xml:15:9-53
22-->src\main\AndroidManifest.xml:15:19-50
23        <activity android:name="edu.csumb.bamagana.scienceworkshopsurvey.Tools_page" />
23-->src\main\AndroidManifest.xml:16:9-48
23-->src\main\AndroidManifest.xml:16:19-45
24        <activity android:name="edu.csumb.bamagana.scienceworkshopsurvey.Transportation_page" />
24-->src\main\AndroidManifest.xml:17:9-57
24-->src\main\AndroidManifest.xml:17:19-54
25        <activity android:name="edu.csumb.bamagana.scienceworkshopsurvey.Page_02" />
25-->src\main\AndroidManifest.xml:18:9-45
25-->src\main\AndroidManifest.xml:18:19-42
26        <activity android:name="edu.csumb.bamagana.scienceworkshopsurvey.MainActivity" >
26-->src\main\AndroidManifest.xml:19:9-25:20
26-->src\main\AndroidManifest.xml:19:19-47
27            <intent-filter>
27-->src\main\AndroidManifest.xml:20:13-24:29
28                <action android:name="android.intent.action.MAIN" />
28-->src\main\AndroidManifest.xml:21:17-69
28-->src\main\AndroidManifest.xml:21:25-66
29
30                <category android:name="android.intent.category.LAUNCHER" />
30-->src\main\AndroidManifest.xml:23:17-77
30-->src\main\AndroidManifest.xml:23:27-74
31            </intent-filter>
32        </activity>
33    </application>
34
35</manifest>